c:\users\z\desktop\program\usermodemodules\exemodule\x64\release\vc140.pdb
c:\users\z\desktop\program\usermodemodules\exemodule\x64\release\uachelper.obj
c:\users\z\desktop\program\usermodemodules\exemodule\x64\release\threadhub.obj
c:\users\z\desktop\program\usermodemodules\exemodule\x64\release\driverloader.obj
c:\users\z\desktop\program\usermodemodules\exemodule\x64\release\dllinjector.obj
c:\users\z\desktop\program\usermodemodules\exemodule\x64\release\debug.obj
c:\users\z\desktop\program\usermodemodules\exemodule\x64\release\utility.obj
c:\users\z\desktop\program\usermodemodules\exemodule\x64\release\shellcmd.obj
c:\users\z\desktop\program\usermodemodules\exemodule\x64\release\routines.obj
c:\users\z\desktop\program\usermodemodules\exemodule\x64\release\resourcemanager.obj
c:\users\z\desktop\program\usermodemodules\exemodule\x64\release\exemain.obj
c:\users\z\desktop\program\usermodemodules\exemodule\x64\release\environment.obj
c:\users\z\desktop\program\usermodemodules\x64\release\exemodule.exe
c:\users\z\desktop\program\usermodemodules\x64\release\exemodule.pdb
d:\z\桌面\program\usermodemodules\exemodule\x64\release\debug.obj
d:\z\桌面\program\usermodemodules\exemodule\x64\release\dllinjector.obj
d:\z\桌面\program\usermodemodules\exemodule\x64\release\driverloader.obj
d:\z\桌面\program\usermodemodules\exemodule\x64\release\environment.obj
d:\z\桌面\program\usermodemodules\exemodule\x64\release\exemain.obj
d:\z\桌面\program\usermodemodules\exemodule\x64\release\resourcemanager.obj
d:\z\桌面\program\usermodemodules\exemodule\x64\release\routines.obj
d:\z\桌面\program\usermodemodules\exemodule\x64\release\shellcmd.obj
d:\z\桌面\program\usermodemodules\exemodule\x64\release\threadhub.obj
d:\z\桌面\program\usermodemodules\exemodule\x64\release\uachelper.obj
d:\z\桌面\program\usermodemodules\exemodule\x64\release\utility.obj
d:\z\桌面\program\usermodemodules\exemodule\x64\release\vc140.pdb
d:\z\桌面\program\usermodemodules\x64\release\exemodule.pdb
d:\z\桌面\program\usermodemodules\x64\release\exemodule.exe
d:\z\桌面\program\usermodemodules\exemodule\x64\release\exemodule.tlog\cl.command.1.tlog
d:\z\桌面\program\usermodemodules\exemodule\x64\release\exemodule.tlog\cl.read.1.tlog
d:\z\桌面\program\usermodemodules\exemodule\x64\release\exemodule.tlog\cl.write.1.tlog
d:\z\桌面\program\usermodemodules\exemodule\x64\release\exemodule.tlog\link.command.1.tlog
d:\z\桌面\program\usermodemodules\exemodule\x64\release\exemodule.tlog\link.read.1.tlog
d:\z\桌面\program\usermodemodules\exemodule\x64\release\exemodule.tlog\link.write.1.tlog
